2025-10-19 16:34:17 - Initializing Azure Blob Storage...
2025-10-19 16:34:26 - Creating storage account kehindestorageacct16783...
2025-10-19 16:35:21 - Creating container myblobcontainer...
2025-10-19 16:35:26 - Azure Blob Storage initialized successfully.
2025-10-19 16:35:26 - Uploading hello.txt...
2025-10-19 16:40:26 - Uploading report.txt...
2025-10-19 16:43:41 - Uploading notes.txt...
2025-10-19 16:44:33 - Listing blobs in myblobcontainer...
2025-10-19 16:54:10 - Uploading C:/Users/DELL/OneDrive/Pictures/techcrushimage.jpg...
2025-10-19 16:54:39 - Listing blobs in myblobcontainer...
2025-10-19 16:55:29 - Downloading techcrushimage.jpg to techcrushimage.jpg...
2025-10-19 16:57:17 - Downloading techcrushimage.jpg to C:/Users/DELL/Downloads/techcrushimage.jpg...
2025-10-20 14:24:45 - Initializing Azure Blob Storage...
2025-10-20 14:25:23 - Azure Blob Storage initialized successfully.
2025-10-20 14:25:24 - Uploading hello.txt...
2025-10-20 14:33:32 - Initializing Azure Blob Storage...
2025-10-20 14:33:59 - Azure Blob Storage initialized successfully.
2025-10-20 14:33:59 - Uploading hello.txt...
2025-10-20 14:34:04 - Listing blobs in myblobcontainer...
2025-10-20 14:34:09 - Downloading hello.txt to downloaded_hello.txt...
2025-10-20 14:34:14 - Deleting blob hello.txt...
2025-10-20 14:34:19 - Listing blobs in myblobcontainer...
